<?xml version="1.0" encoding="UTF-8"?>
<testng-results ignored="0" total="1" passed="1" failed="0" skipped="0">
  <reporter-output>
  </reporter-output>
  <suite started-at="2023-01-17T08:33:19 IST" name="Default suite" finished-at="2023-01-17T08:33:32 IST" duration-ms="13026">
    <groups>
    </groups>
    <test started-at="2023-01-17T08:33:19 IST" name="Default test" finished-at="2023-01-17T08:33:32 IST" duration-ms="13026">
      <class name="TestScenarios.FlightBooking">
        <test-method is-config="true" signature="beforeTest()[pri:0, instance:TestScenarios.FlightBooking@449a4f23]" started-at="2023-01-17T08:33:19 IST" name="beforeTest" finished-at="2023-01-17T08:33:24 IST" duration-ms="4879" status="PASS">
          <reporter-output>
          </reporter-output>
        </test-method> <!-- beforeTest -->
        <test-method signature="HotelBooking()[pri:0, instance:TestScenarios.FlightBooking@449a4f23]" started-at="2023-01-17T08:33:24 IST" name="HotelBooking" finished-at="2023-01-17T08:33:31 IST" duration-ms="7393" status="PASS">
          <reporter-output>
          </reporter-output>
        </test-method> <!-- HotelBooking -->
        <test-method is-config="true" signature="afterTest()[pri:0, instance:TestScenarios.FlightBooking@449a4f23]" started-at="2023-01-17T08:33:31 IST" name="afterTest" finished-at="2023-01-17T08:33:32 IST" duration-ms="690" status="PASS">
          <reporter-output>
          </reporter-output>
        </test-method> <!-- afterTest -->
      </class> <!-- TestScenarios.FlightBooking -->
    </test> <!-- Default test -->
  </suite> <!-- Default suite -->
</testng-results>
